生成启动时间为 2015/8/19 14:37:44。
     1>项目“F:\GitHub\August\addressbook\addressbook.vcxproj”在节点 2 上(Rebuild 个目标)。
     1>CustomBuild:
         Moc'ing addressbook.h...
         Qt: Untested Windows version 10.0 detected!
         Rcc'ing addressbook.qrc...
         Qt: Untested Windows version 10.0 detected!
     1>RCC : warning : No resources in 'F:\GitHub\August\addressbook\addressbook.qrc'.
         
       ClCompile:
         C:\Program Files (x86)\Microsoft Visual Studio 12.0\VC\bin\CL.exe /c /I.\GeneratedFiles /I. /IC:\Qt\Qt5.4.1\5.4\msvc2013_opengl\include /I.\GeneratedFiles\Debug /IC:\Qt\Qt5.4.1\5.4\msvc2013_opengl\include\QtCore /IC:\Qt\Qt5.4.1\5.4\msvc2013_opengl\include\QtGui /IC:\Qt\Qt5.4.1\5.4\msvc2013_opengl\include\QtWidgets /I"C:\Program Files (x86)\Visual Leak Detector\include" /Zi /nologo /W1 /WX- /Od /Oy- /D UNICODE /D WIN32 /D WIN64 /D QT_DLL /D QT_CORE_LIB /D QT_GUI_LIB /D QT_WIDGETS_LIB /Gm- /EHsc /MDd /GS /fp:precise /Zc:wchar_t /Zc:forScope /Fo"Debug\\" /Fd"Debug\vc120.pdb" /Gd /TP /analyze- /errorReport:prompt addressbook.cpp GeneratedFiles\Debug\moc_addressbook.cpp main.cpp
         addressbook.cpp
         moc_addressbook.cpp
         main.cpp
         正在生成代码...
         C:\Program Files (x86)\Microsoft Visual Studio 12.0\VC\bin\CL.exe /c /I.\GeneratedFiles /I. /IC:\Qt\Qt5.4.1\5.4\msvc2013_opengl\include /I.\GeneratedFiles\Debug /IC:\Qt\Qt5.4.1\5.4\msvc2013_opengl\include\QtCore /IC:\Qt\Qt5.4.1\5.4\msvc2013_opengl\include\QtGui /IC:\Qt\Qt5.4.1\5.4\msvc2013_opengl\include\QtWidgets /I"C:\Program Files (x86)\Visual Leak Detector\include" /Zi /nologo /W1 /WX- /Od /Oy- /D UNICODE /D WIN32 /D WIN64 /D QT_DLL /D QT_CORE_LIB /D QT_GUI_LIB /D QT_WIDGETS_LIB /Gm- /EHsc /MDd /GS /fp:precise /Zc:wchar_t /Zc:forScope /Fo"Debug\\" /Fd"Debug\vc120.pdb" /Gd /TP /analyze- /errorReport:prompt GeneratedFiles\qrc_addressbook.cpp
         qrc_addressbook.cpp
       Link:
         C:\Program Files (x86)\Microsoft Visual Studio 12.0\VC\bin\link.exe /ERRORREPORT:PROMPT /OUT:"F:\GitHub\August\addressbook\Win32\Debug\\addressbook.exe" /NOLOGO /LIBPATH:C:\Qt\Qt5.4.1\5.4\msvc2013_opengl\lib /LIBPATH:"C:\Program Files (x86)\Visual Leak Detector\lib\Win32" qtmaind.lib Qt5Cored.lib Qt5Guid.lib Qt5Widgetsd.lib kernel32.lib user32.lib gdi32.lib winspool.lib comdlg32.lib advapi32.lib shell32.lib ole32.lib oleaut32.lib uuid.lib odbc32.lib odbccp32.lib /MANIFEST /MANIFESTUAC:"level='asInvoker' uiAccess='false'" /manifest:embed /DEBUG /PDB:"F:\GitHub\August\addressbook\Win32\Debug\addressbook.pdb" /SUBSYSTEM:WINDOWS /TLBID:1 /DYNAMICBASE /NXCOMPAT /IMPLIB:"F:\GitHub\August\addressbook\Win32\Debug\addressbook.lib" /MACHINE:X86 /SAFESEH Debug\addressbook.obj
         Debug\moc_addressbook.obj
         Debug\qrc_addressbook.obj
         Debug\main.obj
         addressbook.vcxproj -> F:\GitHub\August\addressbook\Win32\Debug\addressbook.exe
     1>已完成生成项目“F:\GitHub\August\addressbook\addressbook.vcxproj”(Rebuild 个目标)的操作。

生成成功。

已用时间 00:00:23.68
