d:\qt test\addressbook\debug\vc120.pdb
d:\qt test\addressbook\debug\qrc_addressbook.obj
d:\qt test\addressbook\debug\main.obj
d:\qt test\addressbook\debug\addressbook.obj
d:\qt test\addressbook\debug\moc_addressbook.obj
d:\qt test\addressbook\generatedfiles\qrc_addressbook.cpp
d:\qt test\addressbook\generatedfiles\debug\moc_addressbook.cpp
d:\qt test\addressbook\win32\debug\addressbook.ilk
d:\qt test\addressbook\win32\debug\addressbook.exe
d:\qt test\addressbook\win32\debug\addressbook.pdb
f:\github\august\addressbook\debug\addressbook.obj
f:\github\august\addressbook\debug\main.obj
f:\github\august\addressbook\debug\moc_addressbook.obj
f:\github\august\addressbook\debug\qrc_addressbook.obj
f:\github\august\addressbook\debug\vc120.pdb
f:\github\august\addressbook\win32\debug\addressbook.pdb
f:\github\august\addressbook\win32\debug\addressbook.exe
f:\github\august\addressbook\win32\debug\addressbook.ilk
f:\github\august\addressbook\debug\addressbook.tlog\cl.command.1.tlog
f:\github\august\addressbook\debug\addressbook.tlog\cl.read.1.tlog
f:\github\august\addressbook\debug\addressbook.tlog\cl.write.1.tlog
f:\github\august\addressbook\debug\addressbook.tlog\custombuild.command.1.tlog
f:\github\august\addressbook\debug\addressbook.tlog\custombuild.read.1.tlog
f:\github\august\addressbook\debug\addressbook.tlog\custombuild.write.1.tlog
f:\github\august\addressbook\debug\addressbook.tlog\link.command.1.tlog
f:\github\august\addressbook\debug\addressbook.tlog\link.read.1.tlog
f:\github\august\addressbook\debug\addressbook.tlog\link.write.1.tlog
